The system is: Linux - 5.4.72-microsoft-standard-WSL2 - x86_64
Compiling the C compiler identification source file "CMakeCCompilerId.c" succeeded.
Compiler: /usr/bin/cc 
Build flags: 
Id flags:  

The output was:
0


Compilation of the C compiler identification source "CMakeCCompilerId.c" produced "a.out"

The C compiler identification is GNU, found in "/mnt/c/Users/Steven/Documents/CS/C/cmake-build-release-wsl/CMakeFiles/3.16.3/CompilerIdC/a.out"

Determining if the C compiler works passed with the following output:
Change Dir: /mnt/c/Users/Steven/Documents/CS/C/cmake-build-release-wsl/CMakeFiles/CMakeTmp

Run Build Command(s):/usr/bin/make cmTC_3445f/fast && make: Warning: File 'Makefile' has modification time 0.36 s in the future
/usr/bin/make -f CMakeFiles/cmTC_3445f.dir/build.make CMakeFiles/cmTC_3445f.dir/build
make[1]: Entering directory '/mnt/c/Users/Steven/Documents/CS/C/cmake-build-release-wsl/CMakeFiles/CMakeTmp'
make[1]: Warning: File 'CMakeFiles/cmTC_3445f.dir/flags.make' has modification time 0.34 s in the future
Building C object CMakeFiles/cmTC_3445f.dir/testCCompiler.c.o
/usr/bin/cc    -o CMakeFiles/cmTC_3445f.dir/testCCompiler.c.o   -c /mnt/c/Users/Steven/Documents/CS/C/cmake-build-release-wsl/CMakeFiles/CMakeTmp/testCCompiler.c
Linking C executable cmTC_3445f
/usr/bin/cmake -E cmake_link_script CMakeFiles/cmTC_3445f.dir/link.txt --verbose=1
/usr/bin/cc      CMakeFiles/cmTC_3445f.dir/testCCompiler.c.o  -o cmTC_3445f 
make[1]: warning:  Clock skew detected.  Your build may be incomplete.
make[1]: Leaving directory '/mnt/c/Users/Steven/Documents/CS/C/cmake-build-release-wsl/CMakeFiles/CMakeTmp'
make: warning:  Clock skew detected.  Your build may be incomplete.



